<?xml version="1.0" encoding="UTF-8"?>
<!-- Generated by org.testng.reporters.JUnitReportReporter -->
<testsuite hostname="LAPTOP-FV0OBCAT" failures="0" tests="1" name="com.amazon.testscripts.SearchTestScript2" time="47.361" errors="0" timestamp="2021-08-01T17:20:20 CDT" skipped="0">
  <testcase classname="com.amazon.testscripts.SearchTestScript2" name="searchTest" time="47.361"/>
  <system-out/>
</testsuite> <!-- com.amazon.testscripts.SearchTestScript2 -->
