<?xml version="1.0" encoding="UTF-8"?>
<!-- Generated by org.testng.reporters.JUnitReportReporter -->
<testsuite hostname="LAPTOP-FV0OBCAT" failures="0" tests="1" name="com.amazon.testscripts.SearchBookTestScript" time="49.619" errors="0" timestamp="2021-08-01T20:19:37 CDT" skipped="0">
  <testcase classname="com.amazon.testscripts.SearchBookTestScript" name="searchTest" time="49.619"/>
  <system-out/>
</testsuite> <!-- com.amazon.testscripts.SearchBookTestScript -->
