<?xml version="1.0" encoding="UTF-8"?>
<!-- Generated by org.testng.reporters.JUnitReportReporter -->
<testsuite hostname="LAPTOP-FV0OBCAT" failures="0" tests="3" name="com.amazon.testscripts.SearchTestScript" time="35.919" errors="0" timestamp="2021-08-01T11:51:50 CDT" skipped="0">
  <testcase classname="com.amazon.testscripts.SearchTestScript" name="searchTest" time="17.335"/>
  <system-out/>
  <testcase classname="com.amazon.testscripts.SearchTestScript" name="searchResultsTest" time="16.536"/>
  <system-out/>
  <testcase classname="com.amazon.testscripts.SearchTestScript" name="searchBookDetailsTest" time="2.048"/>
  <system-out/>
</testsuite> <!-- com.amazon.testscripts.SearchTestScript -->
