<?xml version="1.0" encoding="UTF-8"?>
<!-- Generated by org.testng.reporters.JUnitReportReporter -->
<testsuite hostname="LAPTOP-FV0OBCAT" failures="0" tests="1" name="com.amazon.RestAssuredAPI.GetAPI" time="2.260" errors="0" timestamp="2021-08-01T20:21:47 CDT" skipped="0">
  <testcase classname="com.amazon.RestAssuredAPI.GetAPI" name="getEmployeeDetails" time="2.260"/>
  <system-out/>
</testsuite> <!-- com.amazon.RestAssuredAPI.GetAPI -->
