<?xml version="1.0" encoding="UTF-8"?>
<!-- Generated by org.testng.reporters.JUnitReportReporter -->
<testsuite hostname="LAPTOP-FV0OBCAT" failures="0" tests="1" name="com.amazon.RestAssuredAPI.DeleteAPI" time="1.945" errors="0" timestamp="2021-08-01T20:20:31 CDT" skipped="0">
  <testcase classname="com.amazon.RestAssuredAPI.DeleteAPI" name="deleteEmployeeDetails" time="1.945"/>
  <system-out/>
</testsuite> <!-- com.amazon.RestAssuredAPI.DeleteAPI -->
